gcchello
gccdir
gcccolor
gccyn
gccinput
gccenterToContinue
phabackgroundcolor
phagravity
phafollowmouse
phamousedown
phakeys
phaphysics
phasprite
phapaint1
phaloadimage
phafade
phaclick
phacollide
phacameraFollow
phaloadMap
3jscube
3jsclick
3jscameraRotate
3jscylinder
3jselected
3jdae
shsudo
shcgi
shcolor
pyhead
pydownloadText
pydownloadFile
phpinclude
btb
btbb
btbcon
btnav
btcard
btnav_sticky
btprogessbar
btcollapse
btinput
btpassword
btmedia
btfooter_sticky
btcarousel
btmedianested
btmodal
bttable
btimgcorner
btimgcircle
btthumbnail
btwell
btalert_success
btalert_info
btalert_warning
btalert_danger
btlist
btimagegrid
jqpost
jqcl
jqlist
jqmodaltoggle
jsfun
jssrc
jskeydown
jskeyup
Wq
wq
